Log file open, 09/05/21 15:56:29
LogWindows: Failed to load 'aqProf.dll' (GetLastError=126)
LogWindows: File 'aqProf.dll' does not exist
LogWindows: Failed to load 'VtuneApi.dll' (GetLastError=126)
LogWindows: File 'VtuneApi.dll' does not exist
LogWindows: Failed to load 'VtuneApi32e.dll' (GetLastError=126)
LogWindows: File 'VtuneApi32e.dll' does not exist
LogConsoleResponse: Display: Failed to find resolution value strings in scalability ini. Falling back to default.
LogInit: Display: Running engine for game: UnrealProj
LogPakFile: Registered encryption key '00000000000000000000000000000000': 0 pak files mounted, 0 remain pending
LogPlatformFile: Not using cached read wrapper
LogTaskGraph: Started task graph with 5 named threads and 23 total threads with 3 sets of task threads.
LogStats: Stats thread started at 0.358963
LogD3D11RHI: Loaded GFSDK_Aftermath_Lib.x64.dll
LogICUInternationalization: ICU TimeZone Detection - Raw Offset: -8:00, Platform Override: ''
LogPluginManager: Mounting plugin Paper2D
LogPluginManager: Mounting plugin AISupport
LogPluginManager: Mounting plugin LightPropagationVolume
LogPluginManager: Mounting plugin ActorLayerUtilities
LogPluginManager: Mounting plugin AnimationSharing
LogPluginManager: Mounting plugin CLionSourceCodeAccess
LogPluginManager: Mounting plugin CodeLiteSourceCodeAccess
LogPluginManager: Mounting plugin GitSourceControl
LogPluginManager: Mounting plugin KDevelopSourceCodeAccess
LogPluginManager: Mounting plugin NullSourceCodeAccess
LogPluginManager: Mounting plugin PerforceSourceControl
LogPluginManager: Mounting plugin SubversionSourceControl
LogPluginManager: Mounting plugin UObjectPlugin
LogPluginManager: Mounting plugin VisualStudioCodeSourceCodeAccess
LogPluginManager: Mounting plugin VisualStudioSourceCodeAccess
LogPluginManager: Mounting plugin XCodeSourceCodeAccess
LogPluginManager: Mounting plugin AssetManagerEditor
LogPluginManager: Mounting plugin CryptoKeys
LogPluginManager: Mounting plugin DataValidation
LogPluginManager: Mounting plugin EditorScriptingUtilities
LogPluginManager: Mounting plugin FacialAnimation
LogPluginManager: Mounting plugin GameplayTagsEditor
LogPluginManager: Mounting plugin GLTFImporter
LogPluginManager: Mounting plugin MacGraphicsSwitching
LogPluginManager: Mounting plugin MaterialAnalyzer
LogPluginManager: Mounting plugin MeshEditor
LogPluginManager: Mounting plugin MobileLauncherProfileWizard
LogPluginManager: Mounting plugin PluginBrowser
LogPluginManager: Mounting plugin SpeedTreeImporter
LogPluginManager: Mounting plugin DatasmithContent
LogPluginManager: Mounting plugin VariantManagerContent
LogPluginManager: Mounting plugin AlembicImporter
LogPluginManager: Mounting plugin AppleImageUtils
LogPluginManager: Mounting plugin AppleVision
LogPluginManager: Mounting plugin BackChannel
LogPluginManager: Mounting plugin BlastPlugin
LogPluginManager: Mounting plugin ChaosSolverPlugin
LogPluginManager: Mounting plugin CharacterAI
LogPluginManager: Mounting plugin GeometryCache
LogPluginManager: Mounting plugin GeometryCollectionPlugin
LogPluginManager: Mounting plugin HTML5Networking
LogPluginManager: Mounting plugin ProxyLODPlugin
LogPluginManager: Mounting plugin SkeletalReduction
LogPluginManager: Mounting plugin MagicLeap
LogPluginManager: Mounting plugin MagicLeapMedia
LogPluginManager: Mounting plugin AndroidMedia
LogPluginManager: Mounting plugin AvfMedia
LogPluginManager: Mounting plugin ImgMedia
LogPluginManager: Mounting plugin LinearTimecode
LogPluginManager: Mounting plugin MediaCompositing
LogPluginManager: Mounting plugin MediaPlayerEditor
LogPluginManager: Mounting plugin WebMMedia
LogPluginManager: Mounting plugin WmfMedia
LogPluginManager: Mounting plugin TcpMessaging
LogPluginManager: Mounting plugin UdpMessaging
LogPluginManager: Mounting plugin ActorSequence
LogPluginManager: Mounting plugin LevelSequenceEditor
LogPluginManager: Mounting plugin MatineeToLevelSequence
LogPluginManager: Mounting plugin NetcodeUnitTest
LogPluginManager: Mounting plugin NUTUnrealEngine4
LogPluginManager: Mounting plugin OnlineSubsystemGooglePlay
LogPluginManager: Mounting plugin OnlineSubsystemIOS
LogPluginManager: Mounting plugin OnlineSubsystem
LogPluginManager: Mounting plugin OnlineSubsystemNull
LogPluginManager: Mounting plugin OnlineSubsystemUtils
LogPluginManager: Mounting plugin LauncherChunkInstaller
LogPluginManager: Mounting plugin AndroidDeviceProfileSelector
LogPluginManager: Mounting plugin AndroidMoviePlayer
LogPluginManager: Mounting plugin AndroidPermission
LogPluginManager: Mounting plugin AppleMoviePlayer
LogPluginManager: Mounting plugin ArchVisCharacter
LogPluginManager: Mounting plugin AudioCapture
LogPluginManager: Mounting plugin CableComponent
LogPluginManager: Mounting plugin CustomMeshComponent
LogPluginManager: Mounting plugin EditableMesh
LogPluginManager: Mounting plugin ExampleDeviceProfileSelector
LogPluginManager: Mounting plugin Firebase
LogPluginManager: Mounting plugin GoogleCloudMessaging
LogPluginManager: Mounting plugin IOSDeviceProfileSelector
LogPluginManager: Mounting plugin LinuxDeviceProfileSelector
LogPluginManager: Mounting plugin LocationServicesBPLibrary
LogPluginManager: Mounting plugin MobilePatchingUtils
LogPluginManager: Mounting plugin OculusVR
LogPluginManager: Mounting plugin PhysXVehicles
LogPluginManager: Mounting plugin ProceduralMeshComponent
LogPluginManager: Mounting plugin RuntimePhysXCooking
LogPluginManager: Mounting plugin SignificanceManager
LogPluginManager: Mounting plugin SteamVR
LogPluginManager: Mounting plugin WebMMoviePlayer
LogPluginManager: Mounting plugin WindowsMoviePlayer
LogPluginManager: Mounting plugin DatasmithCADImporter
LogPluginManager: Mounting plugin DatasmithDataPrepEditor
LogPluginManager: Mounting plugin DatasmithFBXImporter
LogPluginManager: Mounting plugin DatasmithGLTFImporter
LogPluginManager: Mounting plugin DatasmithImporter
LogPluginManager: Mounting plugin MDLImporter
LogPluginManager: Mounting plugin StaticMeshEditorExtension
LogPluginManager: Mounting plugin VariantManager
LogInit: Using libcurl 7.55.1-DEV
LogInit:  - built for x86_64-pc-win32
LogInit:  - supports SSL with OpenSSL/1.1.1
LogInit:  - supports HTTP deflate (compression) using libz 1.2.8
LogInit:  - other features:
LogInit:      CURL_VERSION_SSL
LogInit:      CURL_VERSION_LIBZ
LogInit:      CURL_VERSION_IPV6
LogInit:      CURL_VERSION_ASYNCHDNS
LogInit:      CURL_VERSION_LARGEFILE
LogInit:      CURL_VERSION_IDN
LogInit:  CurlRequestOptions (configurable via config and command line):
LogInit:  - bVerifyPeer = true  - Libcurl will verify peer certificate
LogInit:  - bUseHttpProxy = false  - Libcurl will NOT use HTTP proxy
LogInit:  - bDontReuseConnections = false  - Libcurl will reuse connections
LogInit:  - MaxHostConnections = 16  - Libcurl will limit the number of connections to a host
LogInit:  - LocalHostAddr = Default
LogInit:  - BufferSize = 65536
LogInit: WinSock: version 1.1 (2.2), MaxSocks=32767, MaxUdp=65467
LogInit: Build: ++UE4+Release-4.22-CL-7053642
LogInit: Engine Version: 4.22.3-7053642+++UE4+Release-4.22
LogInit: Compatible Engine Version: 4.22.0-5660361+++UE4+Release-4.22
LogInit: Net CL: 5660361
LogInit: OS: Windows 10 (Release 1909) (), CPU: Intel(R) Core(TM) i7-4771 CPU @ 3.50GHz, GPU: NVIDIA GeForce GTX 760
LogInit: Compiled (64-bit): Jun 18 2019 03:09:11
LogInit: Compiled with Visual C++: 19.16.27025.01
LogInit: Build Configuration: Development
LogInit: Branch Name: ++UE4+Release-4.22
LogInit: Command Line: 
LogInit: Base Directory: C:/Epic/UE4/UE_4.22/Engine/Binaries/Win64/
LogInit: Installed Engine Build: 1
LogDevObjectVersion: Number of dev versions registered: 23
LogDevObjectVersion:   Dev-Blueprints (B0D832E4-1F89-4F0D-ACCF-7EB736FD4AA2): 10
LogDevObjectVersion:   Dev-Build (E1C64328-A22C-4D53-A36C-8E866417BD8C): 0
LogDevObjectVersion:   Dev-Core (375EC13C-06E4-48FB-B500-84F0262A717E): 3
LogDevObjectVersion:   Dev-Editor (E4B068ED-F494-42E9-A231-DA0B2E46BB41): 30
LogDevObjectVersion:   Dev-Framework (CFFC743F-43B0-4480-9391-14DF171D2073): 35
LogDevObjectVersion:   Dev-Mobile (B02B49B5-BB20-44E9-A304-32B752E40360): 2
LogDevObjectVersion:   Dev-Networking (A4E4105C-59A1-49B5-A7C5-40C4547EDFEE): 0
LogDevObjectVersion:   Dev-Online (39C831C9-5AE6-47DC-9A44-9C173E1C8E7C): 0
LogDevObjectVersion:   Dev-Physics (78F01B33-EBEA-4F98-B9B4-84EACCB95AA2): 0
LogDevObjectVersion:   Dev-Platform (6631380F-2D4D-43E0-8009-CF276956A95A): 0
LogDevObjectVersion:   Dev-Rendering (12F88B9F-8875-4AFC-A67C-D90C383ABD29): 28
LogDevObjectVersion:   Dev-Sequencer (7B5AE74C-D270-4C10-A958-57980B212A5A): 11
LogDevObjectVersion:   Dev-VR (D7296918-1DD6-4BDD-9DE2-64A83CC13884): 2
LogDevObjectVersion:   Dev-LoadTimes (C2A15278-BFE7-4AFE-6C17-90FF531DF755): 1
LogDevObjectVersion:   Private-Geometry (6EACA3D4-40EC-4CC1-B786-8BED09428FC5): 3
LogDevObjectVersion:   Dev-AnimPhys (29E575DD-E0A3-4627-9D10-D276232CDCEA): 17
LogDevObjectVersion:   Dev-Anim (AF43A65D-7FD3-4947-9873-3E8ED9C1BB05): 2
LogDevObjectVersion:   Dev-ReflectionCapture (6B266CEC-1EC7-4B8F-A30B-E4D90942FC07): 1
LogDevObjectVersion:   Dev-Automation (0DF73D61-A23F-47EA-B727-89E90C41499A): 1
LogDevObjectVersion:   FortniteMain (601D1886-AC64-4F84-AA16-D3DE0DEAC7D6): 25
LogDevObjectVersion:   Dev-Enterprise (9DFFBCD6-494F-0158-E221-12823C92A888): 6
LogDevObjectVersion:   Dev-Niagara (F2AED0AC-9AFE-416F-8664-AA7FFA26D6FC): 1
LogDevObjectVersion:   Dev-Destruction (174F1F0B-B4C6-45A5-B13F-2EE8D0FB917D): 2
LogInit: Presizing for max 16777216 objects, including 0 objects not considered by GC, pre-allocating 0 bytes for permanent pool.
LogInit: Object subsystem initialized
LogConfig: Setting CVar [[con.DebugEarlyDefault:1]]
LogConfig: Setting CVar [[r.setres:1280x720]]
[2021.09.05-22.56.30:264][  0]LogConfig: Setting CVar [[r.VSync:0]]
[2021.09.05-22.56.30:264][  0]LogConfig: Setting CVar [[r.RHICmdBypass:0]]
[2021.09.05-22.56.30:264][  0]LogConfig: Applying CVar settings from Section [/Script/Engine.RendererSettings] File [C:/Users/d.reynolds/Desktop/ElectricBoogaloo/UnrealProj/Saved/Config/Windows/Engine.ini]
[2021.09.05-22.56.30:264][  0]LogConfig: Setting CVar [[r.GPUCrashDebugging:0]]
[2021.09.05-22.56.30:264][  0]LogConfig: Applying CVar settings from Section [/Script/Engine.RendererOverrideSettings] File [C:/Users/d.reynolds/Desktop/ElectricBoogaloo/UnrealProj/Saved/Config/Windows/Engine.ini]
[2021.09.05-22.56.30:264][  0]LogConfig: Applying CVar settings from Section [/Script/Engine.StreamingSettings] File [C:/Users/d.reynolds/Desktop/ElectricBoogaloo/UnrealProj/Saved/Config/Windows/Engine.ini]
[2021.09.05-22.56.30:264][  0]LogConfig: Setting CVar [[s.MinBulkDataSizeForAsyncLoading:131072]]
[2021.09.05-22.56.30:264][  0]LogConfig: Setting CVar [[s.AsyncLoadingThreadEnabled:0]]
[2021.09.05-22.56.30:264][  0]LogConfig: Setting CVar [[s.EventDrivenLoaderEnabled:1]]
[2021.09.05-22.56.30:264][  0]LogConfig: Setting CVar [[s.WarnIfTimeLimitExceeded:0]]
[2021.09.05-22.56.30:264][  0]LogConfig: Setting CVar [[s.TimeLimitExceededMultiplier:1.5]]
[2021.09.05-22.56.30:264][  0]LogConfig: Setting CVar [[s.TimeLimitExceededMinTime:0.005]]
[2021.09.05-22.56.30:264][  0]LogConfig: Setting CVar [[s.UseBackgroundLevelStreaming:1]]
[2021.09.05-22.56.30:264][  0]LogConfig: Setting CVar [[s.PriorityAsyncLoadingExtraTime:15.0]]
[2021.09.05-22.56.30:264][  0]LogConfig: Setting CVar [[s.LevelStreamingActorsUpdateTimeLimit:5.0]]
[2021.09.05-22.56.30:264][  0]LogConfig: Setting CVar [[s.PriorityLevelStreamingActorsUpdateExtraTime:5.0]]
[2021.09.05-22.56.30:264][  0]LogConfig: Setting CVar [[s.LevelStreamingComponentsRegistrationGranularity:10]]
[2021.09.05-22.56.30:264][  0]LogConfig: Setting CVar [[s.UnregisterComponentsTimeLimit:1.0]]
[2021.09.05-22.56.30:264][  0]LogConfig: Setting CVar [[s.LevelStreamingComponentsUnregistrationGranularity:5]]
[2021.09.05-22.56.30:264][  0]LogConfig: Applying CVar settings from Section [/Script/Engine.GarbageCollectionSettings] File [C:/Users/d.reynolds/Desktop/ElectricBoogaloo/UnrealProj/Saved/Config/Windows/Engine.ini]
[2021.09.05-22.56.30:264][  0]LogConfig: Setting CVar [[gc.MaxObjectsNotConsideredByGC:1]]
[2021.09.05-22.56.30:264][  0]LogConfig: Setting CVar [[gc.SizeOfPermanentObjectPool:0]]
[2021.09.05-22.56.30:264][  0]LogConfig: Setting CVar [[gc.FlushStreamingOnGC:0]]
[2021.09.05-22.56.30:264][  0]LogConfig: Setting CVar [[gc.NumRetriesBeforeForcingGC:10]]
[2021.09.05-22.56.30:264][  0]LogConfig: Setting CVar [[gc.AllowParallelGC:1]]
[2021.09.05-22.56.30:264][  0]LogConfig: Setting CVar [[gc.TimeBetweenPurgingPendingKillObjects:61.1]]
[2021.09.05-22.56.30:264][  0]LogConfig: Setting CVar [[gc.MaxObjectsInEditor:16777216]]
[2021.09.05-22.56.30:264][  0]LogConfig: Setting CVar [[gc.IncrementalBeginDestroyEnabled:1]]
[2021.09.05-22.56.30:264][  0]LogConfig: Setting CVar [[gc.CreateGCClusters:1]]
[2021.09.05-22.56.30:264][  0]LogConfig: Setting CVar [[gc.MinGCClusterSize:5]]
[2021.09.05-22.56.30:264][  0]LogConfig: Setting CVar [[gc.ActorClusteringEnabled:0]]
[2021.09.05-22.56.30:264][  0]LogConfig: Setting CVar [[gc.BlueprintClusteringEnabled:0]]
[2021.09.05-22.56.30:264][  0]LogConfig: Setting CVar [[gc.UseDisregardForGCOnDedicatedServers:0]]
[2021.09.05-22.56.30:264][  0]LogConfig: Applying CVar settings from Section [/Script/Engine.NetworkSettings] File [C:/Users/d.reynolds/Desktop/ElectricBoogaloo/UnrealProj/Saved/Config/Windows/Engine.ini]
[2021.09.05-22.56.30:264][  0]LogConfig: Applying CVar settings from Section [/Script/UnrealEd.CookerSettings] File [C:/Users/d.reynolds/Desktop/ElectricBoogaloo/UnrealProj/Saved/Config/Windows/Engine.ini]
[2021.09.05-22.56.30:264][  0]LogConfig: Applying CVar settings from Section [ViewDistanceQuality@3] File [C:/Users/d.reynolds/Desktop/ElectricBoogaloo/UnrealProj/Saved/Config/Windows/Scalability.ini]
[2021.09.05-22.56.30:264][  0]LogConfig: Setting CVar [[r.SkeletalMeshLODBias:0]]
[2021.09.05-22.56.30:264][  0]LogConfig: Setting CVar [[r.ViewDistanceScale:1.0]]
[2021.09.05-22.56.30:264][  0]LogConfig: Applying CVar settings from Section [AntiAliasingQuality@3] File [C:/Users/d.reynolds/Desktop/ElectricBoogaloo/UnrealProj/Saved/Config/Windows/Scalability.ini]
[2021.09.05-22.56.30:264][  0]LogConfig: Setting CVar [[r.PostProcessAAQuality:4]]
[2021.09.05-22.56.30:264][  0]LogConfig: Applying CVar settings from Section [ShadowQuality@3] File [C:/Users/d.reynolds/Desktop/ElectricBoogaloo/UnrealProj/Saved/Config/Windows/Scalability.ini]
[2021.09.05-22.56.30:264][  0]LogConfig: Setting CVar [[r.LightFunctionQuality:1]]
[2021.09.05-22.56.30:264][  0]LogConfig: Setting CVar [[r.ShadowQuality:5]]
[2021.09.05-22.56.30:264][  0]LogConfig: Setting CVar [[r.Shadow.CSM.MaxCascades:10]]
[2021.09.05-22.56.30:264][  0]LogConfig: Setting CVar [[r.Shadow.MaxResolution:2048]]
[2021.09.05-22.56.30:264][  0]LogConfig: Setting CVar [[r.Shadow.MaxCSMResolution:2048]]
[2021.09.05-22.56.30:264][  0]LogConfig: Setting CVar [[r.Shadow.RadiusThreshold:0.01]]
[2021.09.05-22.56.30:264][  0]LogConfig: Setting CVar [[r.Shadow.DistanceScale:1.0]]
[2021.09.05-22.56.30:264][  0]LogConfig: Setting CVar [[r.Shadow.CSM.TransitionScale:1.0]]
[2021.09.05-22.56.30:264][  0]LogConfig: Setting CVar [[r.Shadow.PreShadowResolutionFactor:1.0]]
[2021.09.05-22.56.30:264][  0]LogConfig: Setting CVar [[r.DistanceFieldShadowing:1]]
[2021.09.05-22.56.30:264][  0]LogConfig: Setting CVar [[r.DistanceFieldAO:1]]
[2021.09.05-22.56.30:264][  0]LogConfig: Setting CVar [[r.AOQuality:2]]
[2021.09.05-22.56.30:264][  0]LogConfig: Setting CVar [[r.VolumetricFog:1]]
[2021.09.05-22.56.30:264][  0]LogConfig: Setting CVar [[r.VolumetricFog.GridPixelSize:8]]
[2021.09.05-22.56.30:264][  0]LogConfig: Setting CVar [[r.VolumetricFog.GridSizeZ:128]]
[2021.09.05-22.56.30:264][  0]LogConfig: Setting CVar [[r.VolumetricFog.HistoryMissSupersampleCount:4]]
[2021.09.05-22.56.30:264][  0]LogConfig: Setting CVar [[r.LightMaxDrawDistanceScale:1]]
[2021.09.05-22.56.30:264][  0]LogConfig: Setting CVar [[r.CapsuleShadows:1]]
[2021.09.05-22.56.30:264][  0]LogConfig: Applying CVar settings from Section [PostProcessQuality@3] File [C:/Users/d.reynolds/Desktop/ElectricBoogaloo/UnrealProj/Saved/Config/Windows/Scalability.ini]
[2021.09.05-22.56.30:264][  0]LogConfig: Setting CVar [[r.MotionBlurQuality:4]]
[2021.09.05-22.56.30:264][  0]LogConfig: Setting CVar [[r.AmbientOcclusionMipLevelFactor:0.4]]
[2021.09.05-22.56.30:264][  0]LogConfig: Setting CVar [[r.AmbientOcclusionMaxQuality:100]]
[2021.09.05-22.56.30:264][  0]LogConfig: Setting CVar [[r.AmbientOcclusionLevels:-1]]
[2021.09.05-22.56.30:264][  0]LogConfig: Setting CVar [[r.AmbientOcclusionRadiusScale:1.0]]
[2021.09.05-22.56.30:264][  0]LogConfig: Setting CVar [[r.DepthOfFieldQuality:2]]
[2021.09.05-22.56.30:264][  0]LogConfig: Setting CVar [[r.RenderTargetPoolMin:400]]
[2021.09.05-22.56.30:264][  0]LogConfig: Setting CVar [[r.LensFlareQuality:2]]
[2021.09.05-22.56.30:264][  0]LogConfig: Setting CVar [[r.SceneColorFringeQuality:1]]
[2021.09.05-22.56.30:264][  0]LogConfig: Setting CVar [[r.EyeAdaptationQuality:2]]
[2021.09.05-22.56.30:264][  0]LogConfig: Setting CVar [[r.BloomQuality:5]]
[2021.09.05-22.56.30:264][  0]LogConfig: Setting CVar [[r.FastBlurThreshold:100]]
[2021.09.05-22.56.30:264][  0]LogConfig: Setting CVar [[r.Upscale.Quality:3]]
[2021.09.05-22.56.30:264][  0]LogConfig: Setting CVar [[r.Tonemapper.GrainQuantization:1]]
[2021.09.05-22.56.30:264][  0]LogConfig: Setting CVar [[r.LightShaftQuality:1]]
[2021.09.05-22.56.30:264][  0]LogConfig: Setting CVar [[r.Filter.SizeScale:1]]
[2021.09.05-22.56.30:264][  0]LogConfig: Setting CVar [[r.Tonemapper.Quality:5]]
[2021.09.05-22.56.30:264][  0]LogConfig: Setting CVar [[r.DOF.Gather.AccumulatorQuality:1        ; higher gathering accumulator quality]]
[2021.09.05-22.56.30:264][  0]LogConfig: Setting CVar [[r.DOF.Gather.PostfilterMethod:1          ; Median3x3 postfilering method]]
[2021.09.05-22.56.30:264][  0]LogConfig: Setting CVar [[r.DOF.Gather.EnableBokehSettings:0       ; no bokeh simulation when gathering]]
[2021.09.05-22.56.30:264][  0]LogConfig: Setting CVar [[r.DOF.Gather.RingCount:4                 ; medium number of samples when gathering]]
[2021.09.05-22.56.30:264][  0]LogConfig: Setting CVar [[r.DOF.Scatter.ForegroundCompositing:1    ; additive foreground scattering]]
[2021.09.05-22.56.30:264][  0]LogConfig: Setting CVar [[r.DOF.Scatter.BackgroundCompositing:2    ; additive background scattering]]
[2021.09.05-22.56.30:264][  0]LogConfig: Setting CVar [[r.DOF.Scatter.EnableBokehSettings:1      ; bokeh simulation when scattering]]
[2021.09.05-22.56.30:264][  0]LogConfig: Setting CVar [[r.DOF.Scatter.MaxSpriteRatio:0.1         ; only a maximum of 10% of scattered bokeh]]
[2021.09.05-22.56.30:264][  0]LogConfig: Setting CVar [[r.DOF.Recombine.Quality:1                ; cheap slight out of focus]]
[2021.09.05-22.56.30:264][  0]LogConfig: Setting CVar [[r.DOF.Recombine.EnableBokehSettings:0    ; no bokeh simulation on slight out of focus]]
[2021.09.05-22.56.30:264][  0]LogConfig: Setting CVar [[r.DOF.TemporalAAQuality:1                ; more stable temporal accumulation]]
[2021.09.05-22.56.30:264][  0]LogConfig: Setting CVar [[r.DOF.Kernel.MaxForegroundRadius:0.025]]
[2021.09.05-22.56.30:264][  0]LogConfig: Setting CVar [[r.DOF.Kernel.MaxBackgroundRadius:0.025]]
[2021.09.05-22.56.30:264][  0]LogConfig: Applying CVar settings from Section [TextureQuality@3] File [C:/Users/d.reynolds/Desktop/ElectricBoogaloo/UnrealProj/Saved/Config/Windows/Scalability.ini]
[2021.09.05-22.56.30:264][  0]LogConfig: Setting CVar [[r.Streaming.MipBias:0]]
[2021.09.05-22.56.30:264][  0]LogConfig: Setting CVar [[r.Streaming.AmortizeCPUToGPUCopy:0]]
[2021.09.05-22.56.30:264][  0]LogConfig: Setting CVar [[r.Streaming.MaxNumTexturesToStreamPerFrame:0]]
[2021.09.05-22.56.30:264][  0]LogConfig: Setting CVar [[r.Streaming.Boost:1]]
[2021.09.05-22.56.30:264][  0]LogConfig: Setting CVar [[r.MaxAnisotropy:8]]
[2021.09.05-22.56.30:264][  0]LogConfig: Setting CVar [[r.Streaming.LimitPoolSizeToVRAM:0]]
[2021.09.05-22.56.30:264][  0]LogConfig: Setting CVar [[r.Streaming.PoolSize:1000]]
[2021.09.05-22.56.30:264][  0]LogConfig: Setting CVar [[r.Streaming.MaxEffectiveScreenSize:0]]
[2021.09.05-22.56.30:264][  0]LogConfig: Applying CVar settings from Section [EffectsQuality@3] File [C:/Users/d.reynolds/Desktop/ElectricBoogaloo/UnrealProj/Saved/Config/Windows/Scalability.ini]
[2021.09.05-22.56.30:264][  0]LogConfig: Setting CVar [[r.TranslucencyLightingVolumeDim:64]]
[2021.09.05-22.56.30:264][  0]LogConfig: Setting CVar [[r.RefractionQuality:2]]
[2021.09.05-22.56.30:264][  0]LogConfig: Setting CVar [[r.SSR.Quality:3]]
[2021.09.05-22.56.30:264][  0]LogConfig: Setting CVar [[r.SceneColorFormat:4]]
[2021.09.05-22.56.30:264][  0]LogConfig: Setting CVar [[r.DetailMode:2]]
[2021.09.05-22.56.30:264][  0]LogConfig: Setting CVar [[r.TranslucencyVolumeBlur:1]]
[2021.09.05-22.56.30:264][  0]LogConfig: Setting CVar [[r.MaterialQualityLevel:1 ; High quality]]
[2021.09.05-22.56.30:264][  0]LogConfig: Setting CVar [[r.SSS.Scale:1]]
[2021.09.05-22.56.30:264][  0]LogConfig: Setting CVar [[r.SSS.SampleSet:2]]
[2021.09.05-22.56.30:264][  0]LogConfig: Setting CVar [[r.SSS.Quality:1]]
[2021.09.05-22.56.30:264][  0]LogConfig: Setting CVar [[r.SSS.HalfRes:1]]
[2021.09.05-22.56.30:264][  0]LogConfig: Setting CVar [[r.EmitterSpawnRateScale:1.0]]
[2021.09.05-22.56.30:264][  0]LogConfig: Setting CVar [[r.ParticleLightQuality:2]]
[2021.09.05-22.56.30:264][  0]LogConfig: Applying CVar settings from Section [FoliageQuality@3] File [C:/Users/d.reynolds/Desktop/ElectricBoogaloo/UnrealProj/Saved/Config/Windows/Scalability.ini]
[2021.09.05-22.56.30:264][  0]LogConfig: Setting CVar [[foliage.DensityScale:1.0]]
[2021.09.05-22.56.30:264][  0]LogConfig: Setting CVar [[grass.DensityScale:1.0]]
[2021.09.05-22.56.30:264][  0]LogInit: Selected Device Profile: [Windows]
[2021.09.05-22.56.30:264][  0]LogInit: Applying CVar settings loaded from the selected device profile: [Windows]
[2021.09.05-22.56.30:280][  0]LogHAL: Display: Platform has ~ 16 GB [17115062272 / 17179869184 / 16], which maps to Larger [LargestMinGB=32, LargerMinGB=12, DefaultMinGB=8, SmallerMinGB=6, SmallestMinGB=0)
[2021.09.05-22.56.30:280][  0]LogConfig: Setting CVar [[r.Vulkan.UseRealUBs:0		; Required until we fix HLR fall-out]]
[2021.09.05-22.56.30:280][  0]LogInit: Going up to parent DeviceProfile []
[2021.09.05-22.56.30:280][  0]LogConfig: Applying CVar settings from Section [ViewDistanceQuality@3] File [C:/Users/d.reynolds/Desktop/ElectricBoogaloo/UnrealProj/Saved/Config/Windows/Scalability.ini]
[2021.09.05-22.56.30:280][  0]LogConfig: Setting CVar [[r.SkeletalMeshLODBias:0]]
[2021.09.05-22.56.30:280][  0]LogConfig: Setting CVar [[r.ViewDistanceScale:1.0]]
[2021.09.05-22.56.30:280][  0]LogConfig: Applying CVar settings from Section [AntiAliasingQuality@3] File [C:/Users/d.reynolds/Desktop/ElectricBoogaloo/UnrealProj/Saved/Config/Windows/Scalability.ini]
[2021.09.05-22.56.30:280][  0]LogConfig: Setting CVar [[r.PostProcessAAQuality:4]]
[2021.09.05-22.56.30:280][  0]LogConfig: Applying CVar settings from Section [ShadowQuality@3] File [C:/Users/d.reynolds/Desktop/ElectricBoogaloo/UnrealProj/Saved/Config/Windows/Scalability.ini]
[2021.09.05-22.56.30:280][  0]LogConfig: Setting CVar [[r.LightFunctionQuality:1]]
[2021.09.05-22.56.30:280][  0]LogConfig: Setting CVar [[r.ShadowQuality:5]]
[2021.09.05-22.56.30:280][  0]LogConfig: Setting CVar [[r.Shadow.CSM.MaxCascades:10]]
[2021.09.05-22.56.30:280][  0]LogConfig: Setting CVar [[r.Shadow.MaxResolution:2048]]
[2021.09.05-22.56.30:280][  0]LogConfig: Setting CVar [[r.Shadow.MaxCSMResolution:2048]]
[2021.09.05-22.56.30:280][  0]LogConfig: Setting CVar [[r.Shadow.RadiusThreshold:0.01]]
[2021.09.05-22.56.30:280][  0]LogConfig: Setting CVar [[r.Shadow.DistanceScale:1.0]]
[2021.09.05-22.56.30:280][  0]LogConfig: Setting CVar [[r.Shadow.CSM.TransitionScale:1.0]]
[2021.09.05-22.56.30:280][  0]LogConfig: Setting CVar [[r.Shadow.PreShadowResolutionFactor:1.0]]
[2021.09.05-22.56.30:280][  0]LogConfig: Setting CVar [[r.DistanceFieldShadowing:1]]
[2021.09.05-22.56.30:280][  0]LogConfig: Setting CVar [[r.DistanceFieldAO:1]]
[2021.09.05-22.56.30:280][  0]LogConfig: Setting CVar [[r.AOQuality:2]]
[2021.09.05-22.56.30:280][  0]LogConfig: Setting CVar [[r.VolumetricFog:1]]
[2021.09.05-22.56.30:280][  0]LogConfig: Setting CVar [[r.VolumetricFog.GridPixelSize:8]]
[2021.09.05-22.56.30:280][  0]LogConfig: Setting CVar [[r.VolumetricFog.GridSizeZ:128]]
[2021.09.05-22.56.30:280][  0]LogConfig: Setting CVar [[r.VolumetricFog.HistoryMissSupersampleCount:4]]
[2021.09.05-22.56.30:280][  0]LogConfig: Setting CVar [[r.LightMaxDrawDistanceScale:1]]
[2021.09.05-22.56.30:280][  0]LogConfig: Setting CVar [[r.CapsuleShadows:1]]
[2021.09.05-22.56.30:280][  0]LogConfig: Applying CVar settings from Section [PostProcessQuality@3] File [C:/Users/d.reynolds/Desktop/ElectricBoogaloo/UnrealProj/Saved/Config/Windows/Scalability.ini]
[2021.09.05-22.56.30:280][  0]LogConfig: Setting CVar [[r.MotionBlurQuality:4]]
[2021.09.05-22.56.30:280][  0]LogConfig: Setting CVar [[r.AmbientOcclusionMipLevelFactor:0.4]]
[2021.09.05-22.56.30:280][  0]LogConfig: Setting CVar [[r.AmbientOcclusionMaxQuality:100]]
[2021.09.05-22.56.30:280][  0]LogConfig: Setting CVar [[r.AmbientOcclusionLevels:-1]]
[2021.09.05-22.56.30:280][  0]LogConfig: Setting CVar [[r.AmbientOcclusionRadiusScale:1.0]]
[2021.09.05-22.56.30:280][  0]LogConfig: Setting CVar [[r.DepthOfFieldQuality:2]]
[2021.09.05-22.56.30:280][  0]LogConfig: Setting CVar [[r.RenderTargetPoolMin:400]]
[2021.09.05-22.56.30:280][  0]LogConfig: Setting CVar [[r.LensFlareQuality:2]]
[2021.09.05-22.56.30:280][  0]LogConfig: Setting CVar [[r.SceneColorFringeQuality:1]]
[2021.09.05-22.56.30:280][  0]LogConfig: Setting CVar [[r.EyeAdaptationQuality:2]]
[2021.09.05-22.56.30:280][  0]LogConfig: Setting CVar [[r.BloomQuality:5]]
[2021.09.05-22.56.30:280][  0]LogConfig: Setting CVar [[r.FastBlurThreshold:100]]
[2021.09.05-22.56.30:280][  0]LogConfig: Setting CVar [[r.Upscale.Quality:3]]
[2021.09.05-22.56.30:280][  0]LogConfig: Setting CVar [[r.Tonemapper.GrainQuantization:1]]
[2021.09.05-22.56.30:280][  0]LogConfig: Setting CVar [[r.LightShaftQuality:1]]
[2021.09.05-22.56.30:280][  0]LogConfig: Setting CVar [[r.Filter.SizeScale:1]]
[2021.09.05-22.56.30:280][  0]LogConfig: Setting CVar [[r.Tonemapper.Quality:5]]
[2021.09.05-22.56.30:280][  0]LogConfig: Setting CVar [[r.DOF.Gather.AccumulatorQuality:1        ; higher gathering accumulator quality]]
[2021.09.05-22.56.30:280][  0]LogConfig: Setting CVar [[r.DOF.Gather.PostfilterMethod:1          ; Median3x3 postfilering method]]
[2021.09.05-22.56.30:280][  0]LogConfig: Setting CVar [[r.DOF.Gather.EnableBokehSettings:0       ; no bokeh simulation when gathering]]
[2021.09.05-22.56.30:280][  0]LogConfig: Setting CVar [[r.DOF.Gather.RingCount:4                 ; medium number of samples when gathering]]
[2021.09.05-22.56.30:280][  0]LogConfig: Setting CVar [[r.DOF.Scatter.ForegroundCompositing:1    ; additive foreground scattering]]
[2021.09.05-22.56.30:280][  0]LogConfig: Setting CVar [[r.DOF.Scatter.BackgroundCompositing:2    ; additive background scattering]]
[2021.09.05-22.56.30:280][  0]LogConfig: Setting CVar [[r.DOF.Scatter.EnableBokehSettings:1      ; bokeh simulation when scattering]]
[2021.09.05-22.56.30:280][  0]LogConfig: Setting CVar [[r.DOF.Scatter.MaxSpriteRatio:0.1         ; only a maximum of 10% of scattered bokeh]]
[2021.09.05-22.56.30:280][  0]LogConfig: Setting CVar [[r.DOF.Recombine.Quality:1                ; cheap slight out of focus]]
[2021.09.05-22.56.30:280][  0]LogConfig: Setting CVar [[r.DOF.Recombine.EnableBokehSettings:0    ; no bokeh simulation on slight out of focus]]
[2021.09.05-22.56.30:280][  0]LogConfig: Setting CVar [[r.DOF.TemporalAAQuality:1                ; more stable temporal accumulation]]
[2021.09.05-22.56.30:280][  0]LogConfig: Setting CVar [[r.DOF.Kernel.MaxForegroundRadius:0.025]]
[2021.09.05-22.56.30:280][  0]LogConfig: Setting CVar [[r.DOF.Kernel.MaxBackgroundRadius:0.025]]
[2021.09.05-22.56.30:280][  0]LogConfig: Applying CVar settings from Section [TextureQuality@3] File [C:/Users/d.reynolds/Desktop/ElectricBoogaloo/UnrealProj/Saved/Config/Windows/Scalability.ini]
[2021.09.05-22.56.30:280][  0]LogConfig: Setting CVar [[r.Streaming.MipBias:0]]
[2021.09.05-22.56.30:280][  0]LogConfig: Setting CVar [[r.Streaming.AmortizeCPUToGPUCopy:0]]
[2021.09.05-22.56.30:280][  0]LogConfig: Setting CVar [[r.Streaming.MaxNumTexturesToStreamPerFrame:0]]
[2021.09.05-22.56.30:280][  0]LogConfig: Setting CVar [[r.Streaming.Boost:1]]
[2021.09.05-22.56.30:280][  0]LogConfig: Setting CVar [[r.MaxAnisotropy:8]]
[2021.09.05-22.56.30:280][  0]LogConfig: Setting CVar [[r.Streaming.LimitPoolSizeToVRAM:0]]
[2021.09.05-22.56.30:280][  0]LogConfig: Setting CVar [[r.Streaming.PoolSize:1000]]
[2021.09.05-22.56.30:280][  0]LogConfig: Setting CVar [[r.Streaming.MaxEffectiveScreenSize:0]]
[2021.09.05-22.56.30:280][  0]LogConfig: Applying CVar settings from Section [EffectsQuality@3] File [C:/Users/d.reynolds/Desktop/ElectricBoogaloo/UnrealProj/Saved/Config/Windows/Scalability.ini]
[2021.09.05-22.56.30:280][  0]LogConfig: Setting CVar [[r.TranslucencyLightingVolumeDim:64]]
[2021.09.05-22.56.30:280][  0]LogConfig: Setting CVar [[r.RefractionQuality:2]]
[2021.09.05-22.56.30:280][  0]LogConfig: Setting CVar [[r.SSR.Quality:3]]
[2021.09.05-22.56.30:280][  0]LogConfig: Setting CVar [[r.SceneColorFormat:4]]
[2021.09.05-22.56.30:280][  0]LogConfig: Setting CVar [[r.DetailMode:2]]
[2021.09.05-22.56.30:280][  0]LogConfig: Setting CVar [[r.TranslucencyVolumeBlur:1]]
[2021.09.05-22.56.30:280][  0]LogConfig: Setting CVar [[r.MaterialQualityLevel:1 ; High quality]]
[2021.09.05-22.56.30:280][  0]LogConfig: Setting CVar [[r.SSS.Scale:1]]
[2021.09.05-22.56.30:280][  0]LogConfig: Setting CVar [[r.SSS.SampleSet:2]]
[2021.09.05-22.56.30:280][  0]LogConfig: Setting CVar [[r.SSS.Quality:1]]
[2021.09.05-22.56.30:280][  0]LogConfig: Setting CVar [[r.SSS.HalfRes:1]]
[2021.09.05-22.56.30:280][  0]LogConfig: Setting CVar [[r.EmitterSpawnRateScale:1.0]]
[2021.09.05-22.56.30:280][  0]LogConfig: Setting CVar [[r.ParticleLightQuality:2]]
[2021.09.05-22.56.30:280][  0]LogConfig: Applying CVar settings from Section [FoliageQuality@3] File [C:/Users/d.reynolds/Desktop/ElectricBoogaloo/UnrealProj/Saved/Config/Windows/Scalability.ini]
[2021.09.05-22.56.30:280][  0]LogConfig: Setting CVar [[foliage.DensityScale:1.0]]
[2021.09.05-22.56.30:280][  0]LogConfig: Setting CVar [[grass.DensityScale:1.0]]
[2021.09.05-22.56.30:280][  0]LogConfig: Applying CVar settings from Section [Startup] File [../../../Engine/Config/ConsoleVariables.ini]
[2021.09.05-22.56.30:280][  0]LogConfig: Setting CVar [[net.UseAdaptiveNetUpdateFrequency:0]]
[2021.09.05-22.56.30:280][  0]LogConfig: Setting CVar [[p.chaos.AllowCreatePhysxBodies:1]]
[2021.09.05-22.56.30:280][  0]LogConfig: Applying CVar settings from Section [ConsoleVariables] File [C:/Users/d.reynolds/Desktop/ElectricBoogaloo/UnrealProj/Saved/Config/Windows/Engine.ini]
[2021.09.05-22.56.30:288][  0]LogInit: Computer: DIT2416US
[2021.09.05-22.56.30:288][  0]LogInit: User: dreynolds
[2021.09.05-22.56.30:288][  0]LogInit: CPU Page size=4096, Cores=4
[2021.09.05-22.56.30:288][  0]LogInit: High frequency timer resolution =10.000000 MHz
[2021.09.05-22.56.30:288][  0]LogMemory: Memory total: Physical=15.9GB (16GB approx)
[2021.09.05-22.56.30:288][  0]LogMemory: Platform Memory Stats for Windows
[2021.09.05-22.56.30:288][  0]LogMemory: Process Physical Memory: 96.43 MB used, 96.43 MB peak
[2021.09.05-22.56.30:288][  0]LogMemory: Process Virtual Memory: 90.57 MB used, 90.57 MB peak
[2021.09.05-22.56.30:288][  0]LogMemory: Physical Memory: 6207.97 MB used,  10114.22 MB free, 16322.20 MB total
[2021.09.05-22.56.30:288][  0]LogMemory: Virtual Memory: 4644.77 MB used,  134213080.00 MB free, 134217728.00 MB total
[2021.09.05-22.56.30:317][  0]LogInit: Using OS detected language (en-US).
[2021.09.05-22.56.30:317][  0]LogInit: Using OS detected locale (en-US).
[2021.09.05-22.56.30:317][  0]LogTextLocalizationManager: No specific localization for 'en-US' exists, so the 'en' localization will be used.
[2021.09.05-22.56.30:524][  0]LogInit: Setting process to per monitor DPI aware
[2021.09.05-22.56.30:574][  0]LogSlate: New Slate User Created.  User Index 0, Is Virtual User: 0
[2021.09.05-22.56.30:574][  0]LogSlate: Slate User Registered.  User Index 0, Is Virtual User: 0
[2021.09.05-22.56.30:794][  0]LogHMD: Failed to initialize OpenVR with code 110
[2021.09.05-22.56.30:794][  0]LogD3D11RHI: D3D11 adapters:
[2021.09.05-22.56.30:873][  0]LogD3D11RHI:    0. 'NVIDIA GeForce GTX 760' (Feature Level 11_0)
[2021.09.05-22.56.30:873][  0]LogD3D11RHI:       2007/0/8161 MB DedicatedVideo/DedicatedSystem/SharedSystem, Outputs:1, VendorId:0x10de
[2021.09.05-22.56.30:875][  0]LogD3D11RHI:    1. 'Microsoft Basic Render Driver' (Feature Level 11_0)
[2021.09.05-22.56.30:875][  0]LogD3D11RHI:       0/0/8161 MB DedicatedVideo/DedicatedSystem/SharedSystem, Outputs:0, VendorId:0x1414
[2021.09.05-22.56.30:875][  0]LogD3D11RHI: Chosen D3D11 Adapter: 0
[2021.09.05-22.56.30:882][  0]LogD3D11RHI: Creating new Direct3DDevice
[2021.09.05-22.56.30:882][  0]LogD3D11RHI:     GPU DeviceId: 0x1187 (for the marketing name, search the web for "GPU Device Id")
[2021.09.05-22.56.30:882][  0]LogWindows: EnumDisplayDevices:
[2021.09.05-22.56.30:882][  0]LogWindows:    0. 'NVIDIA GeForce GTX 760' (P:1 D:1)
[2021.09.05-22.56.30:883][  0]LogWindows:    1. 'NVIDIA GeForce GTX 760' (P:0 D:0)
[2021.09.05-22.56.30:884][  0]LogWindows:    2. 'NVIDIA GeForce GTX 760' (P:0 D:0)
[2021.09.05-22.56.30:884][  0]LogWindows:    3. 'NVIDIA GeForce GTX 760' (P:0 D:0)
[2021.09.05-22.56.30:885][  0]LogWindows:    4. 'Mirage Driver' (P:1 D:1)
[2021.09.05-22.56.30:885][  0]LogWindows: DebugString: GetVideoDriverDetailsInvalid PrimaryIsNotTheChoosenAdapter FoundDriverCount:4 
[2021.09.05-22.56.30:885][  0]LogD3D11RHI:     Adapter Name: NVIDIA GeForce GTX 760
[2021.09.05-22.56.30:885][  0]LogD3D11RHI:   Driver Version: 436.02 (internal:26.21.14.3602, unified:436.02)
[2021.09.05-22.56.30:885][  0]LogD3D11RHI:      Driver Date: 8-16-2019
[2021.09.05-22.56.30:885][  0]LogRHI: Texture pool is 1404 MB (70% of 2007 MB)
[2021.09.05-22.56.30:933][  0]LogD3D11RHI: Async texture creation enabled
[2021.09.05-22.56.30:939][  0]LogRendererCore: FGlobalReadBuffer::InitRHI
[2021.09.05-22.56.30:940][  0]LogRendererCore: FGlobalReadBuffer::InitRHI
[2021.09.05-22.56.30:940][  0]LogRendererCore: FGlobalReadBuffer::InitRHI
[2021.09.05-22.56.30:955][  0]LogD3D11RHI: GPU Timing Frequency: 1000.000000 (Debug: 2 2)
[2021.09.05-22.56.31:377][  0]LogTemp: Display: Module 'AllDesktopTargetPlatform' loaded TargetPlatform 'AllDesktop'
[2021.09.05-22.56.31:403][  0]LogTemp: Display: Module 'MacClientTargetPlatform' loaded TargetPlatform 'MacClient'
[2021.09.05-22.56.31:428][  0]LogTemp: Display: Module 'MacNoEditorTargetPlatform' loaded TargetPlatform 'MacNoEditor'
[2021.09.05-22.56.31:453][  0]LogTemp: Display: Module 'MacServerTargetPlatform' loaded TargetPlatform 'MacServer'
[2021.09.05-22.56.31:476][  0]LogTemp: Display: Module 'MacTargetPlatform' loaded TargetPlatform 'Mac'
[2021.09.05-22.56.31:498][  0]LogTemp: Display: Module 'WindowsClientTargetPlatform' loaded TargetPlatform 'WindowsClient'
[2021.09.05-22.56.31:517][  0]LogTemp: Display: Module 'WindowsNoEditorTargetPlatform' loaded TargetPlatform 'WindowsNoEditor'
[2021.09.05-22.56.31:541][  0]LogTemp: Display: Module 'WindowsServerTargetPlatform' loaded TargetPlatform 'WindowsServer'
[2021.09.05-22.56.31:551][  0]LogTemp: Display: Module 'WindowsTargetPlatform' loaded TargetPlatform 'Windows'
[2021.09.05-22.56.31:682][  0]LogTemp: Display: Module 'AndroidTargetPlatform' loaded TargetPlatform 'Android'
[2021.09.05-22.56.31:682][  0]LogTemp: Display: Module 'AndroidTargetPlatform' loaded TargetPlatform 'Android_ASTC'
[2021.09.05-22.56.31:682][  0]LogTemp: Display: Module 'AndroidTargetPlatform' loaded TargetPlatform 'Android_ATC'
[2021.09.05-22.56.31:682][  0]LogTemp: Display: Module 'AndroidTargetPlatform' loaded TargetPlatform 'Android_DXT'
[2021.09.05-22.56.31:682][  0]LogTemp: Display: Module 'AndroidTargetPlatform' loaded TargetPlatform 'Android_ETC1'
[2021.09.05-22.56.31:682][  0]LogTemp: Display: Module 'AndroidTargetPlatform' loaded TargetPlatform 'Android_ETC1a'
[2021.09.05-22.56.31:682][  0]LogTemp: Display: Module 'AndroidTargetPlatform' loaded TargetPlatform 'Android_ETC2'
[2021.09.05-22.56.31:682][  0]LogTemp: Display: Module 'AndroidTargetPlatform' loaded TargetPlatform 'Android_PVRTC'
[2021.09.05-22.56.31:682][  0]LogTemp: Display: Module 'AndroidTargetPlatform' loaded TargetPlatform 'AndroidClient'
[2021.09.05-22.56.31:682][  0]LogTemp: Display: Module 'AndroidTargetPlatform' loaded TargetPlatform 'Android_ASTCClient'
[2021.09.05-22.56.31:682][  0]LogTemp: Display: Module 'AndroidTargetPlatform' loaded TargetPlatform 'Android_ATCClient'
[2021.09.05-22.56.31:682][  0]LogTemp: Display: Module 'AndroidTargetPlatform' loaded TargetPlatform 'Android_DXTClient'
[2021.09.05-22.56.31:682][  0]LogTemp: Display: Module 'AndroidTargetPlatform' loaded TargetPlatform 'Android_ETC1Client'
[2021.09.05-22.56.31:682][  0]LogTemp: Display: Module 'AndroidTargetPlatform' loaded TargetPlatform 'Android_ETC1aClient'
[2021.09.05-22.56.31:682][  0]LogTemp: Display: Module 'AndroidTargetPlatform' loaded TargetPlatform 'Android_ETC2Client'
[2021.09.05-22.56.31:682][  0]LogTemp: Display: Module 'AndroidTargetPlatform' loaded TargetPlatform 'Android_PVRTCClient'
[2021.09.05-22.56.31:682][  0]LogTemp: Display: Module 'AndroidTargetPlatform' loaded TargetPlatform 'Android_Multi'
[2021.09.05-22.56.31:682][  0]LogTemp: Display: Module 'AndroidTargetPlatform' loaded TargetPlatform 'Android_MultiClient'
[2021.09.05-22.56.31:685][  0]LogTemp: Display: Module 'HTML5TargetPlatform' loaded TargetPlatform 'HTML5'
[2021.09.05-22.56.31:753][  0]LogTemp: Display: Module 'IOSTargetPlatform' loaded TargetPlatform 'IOSClient'
[2021.09.05-22.56.31:753][  0]LogTemp: Display: Module 'IOSTargetPlatform' loaded TargetPlatform 'IOS'
[2021.09.05-22.56.31:798][  0]LogTemp: Display: Module 'TVOSTargetPlatform' loaded TargetPlatform 'TVOSClient'
[2021.09.05-22.56.31:798][  0]LogTemp: Display: Module 'TVOSTargetPlatform' loaded TargetPlatform 'TVOS'
[2021.09.05-22.56.31:821][  0]LogTemp: Display: Module 'LinuxClientTargetPlatform' loaded TargetPlatform 'LinuxClient'
[2021.09.05-22.56.31:850][  0]LogTemp: Display: Module 'LinuxNoEditorTargetPlatform' loaded TargetPlatform 'LinuxNoEditor'
[2021.09.05-22.56.31:869][  0]LogTemp: Display: Module 'LinuxServerTargetPlatform' loaded TargetPlatform 'LinuxServer'
[2021.09.05-22.56.31:887][  0]LogTemp: Display: Module 'LinuxTargetPlatform' loaded TargetPlatform 'Linux'
[2021.09.05-22.56.31:966][  0]LogTemp: Display: Module 'LuminTargetPlatform' loaded TargetPlatform 'Lumin'
[2021.09.05-22.56.31:966][  0]LogTemp: Display: Module 'LuminTargetPlatform' loaded TargetPlatform 'LuminClient'
[2021.09.05-22.56.31:966][  0]LogTargetPlatformManager: Display: Building Assets For Windows
[2021.09.05-22.56.31:977][  0]LogAudioDebug: Display: Lib vorbis DLL was dynamically loaded.
[2021.09.05-22.56.32:055][  0]LogShaderCompilers: Guid format shader working directory is -20 characters bigger than the processId version (../../../../../../Users/d.reynolds/Desktop/ElectricBoogaloo/UnrealProj/Intermediate/Shaders/WorkingDirectory/14988/).
[2021.09.05-22.56.32:056][  0]LogShaderCompilers: Cleaned the shader compiler working directory 'C:/Users/d.reynolds/AppData/Local/Temp/UnrealShaderWorkingDir/C98A423D471E49DFC3E06A8407DC6AD4/'.
[2021.09.05-22.56.32:058][  0]LogXGEController: Cleaning working directory: C:/Users/d.reynolds/AppData/Local/Temp/UnrealXGEWorkingDir/
[2021.09.05-22.56.32:059][  0]LogXGEController: Cannot use XGE Controller as Incredibuild is not installed on this machine.
[2021.09.05-22.56.32:059][  0]LogShaderCompilers: Cannot use XGE Shader Compiler as Incredibuild is not installed on this machine.
[2021.09.05-22.56.32:059][  0]LogShaderCompilers: Display: Using Local Shader Compiler.
[2021.09.05-22.56.32:654][  0]LogDerivedDataCache: Display: Max Cache Size: 512 MB
[2021.09.05-22.56.32:717][  0]LogDerivedDataCache: Loaded boot cache 0.06s 72MB C:/Users/d.reynolds/AppData/Local/UnrealEngine/4.22/DerivedDataCache/Boot.ddc.
[2021.09.05-22.56.32:717][  0]LogDerivedDataCache: Display: Loaded Boot cache: C:/Users/d.reynolds/AppData/Local/UnrealEngine/4.22/DerivedDataCache/Boot.ddc
[2021.09.05-22.56.32:717][  0]LogDerivedDataCache: FDerivedDataBackendGraph:  Pak pak cache file ../../../../../../Users/d.reynolds/Desktop/ElectricBoogaloo/UnrealProj/DerivedDataCache/DDC.ddp not found, will not use a pak cache.
[2021.09.05-22.56.32:717][  0]LogDerivedDataCache: Unable to find inner node Pak for hierarchical cache Hierarchy.
[2021.09.05-22.56.32:717][  0]LogDerivedDataCache: FDerivedDataBackendGraph:  CompressedPak pak cache file ../../../../../../Users/d.reynolds/Desktop/ElectricBoogaloo/UnrealProj/DerivedDataCache/Compressed.ddp not found, will not use a pak cache.
[2021.09.05-22.56.32:717][  0]LogDerivedDataCache: Unable to find inner node CompressedPak for hierarchical cache Hierarchy.
[2021.09.05-22.56.32:729][  0]LogDerivedDataCache: Display: Pak cache opened for reading ../../../Engine/DerivedDataCache/Compressed.ddp.
[2021.09.05-22.56.32:732][  0]LogDerivedDataCache: Display: Pak cache opened for reading ../../../Enterprise/DerivedDataCache/Compressed.ddp.
[2021.09.05-22.56.32:745][  0]LogDerivedDataCache: Using Local data cache path C:/Users/d.reynolds/AppData/Local/UnrealEngine/Common/DerivedDataCache: Writable
[2021.09.05-22.56.32:745][  0]LogDerivedDataCache: Shared data cache path not found in *engine.ini, will not use an Shared cache.
[2021.09.05-22.56.32:745][  0]LogDerivedDataCache: Unable to find inner node Shared for hierarchical cache Hierarchy.
[2021.09.05-22.56.32:770][  0]LogMaterial: Verifying Global Shaders for PCD3D_SM5
[2021.09.05-22.56.32:771][  0]LogSlate: Using FreeType 2.6.0
[2021.09.05-22.56.32:772][  0]LogSlate: SlateFontServices - WITH_FREETYPE: 1, WITH_HARFBUZZ: 1
[2021.09.05-22.56.32:868][  0]LogAssetRegistry: FAssetRegistry took 0.0332 seconds to start up
[2021.09.05-22.56.33:218][  0]LogInit: Selected Device Profile: [Windows]
[2021.09.05-22.56.33:361][  0]LogMeshReduction: Using QuadricMeshReduction for automatic static mesh reduction
[2021.09.05-22.56.33:361][  0]LogMeshReduction: Using SimplygonMeshReduction for automatic skeletal mesh reduction
[2021.09.05-22.56.33:361][  0]LogMeshReduction: Using ProxyLODMeshReduction for automatic mesh merging
[2021.09.05-22.56.33:361][  0]LogMeshReduction: No distributed automatic mesh merging module available
[2021.09.05-22.56.33:361][  0]LogMeshMerging: No distributed automatic mesh merging module available
[2021.09.05-22.56.33:371][  0]LogNetVersion: UnrealProj 1.0.0, NetCL: 5660361, EngineNetVer: 10, GameNetVer: 0 (Checksum: 2105583181)
[2021.09.05-22.56.33:817][  0]LogPackageLocalizationCache: Processed 16 localized package path(s) for 1 prioritized culture(s) in 0.081248 seconds
[2021.09.05-22.56.33:823][  0]LogUObjectArray: 42205 objects as part of root set at end of initial load.
[2021.09.05-22.56.33:823][  0]LogUObjectAllocator: 7325032 out of 0 bytes used by permanent object pool.
[2021.09.05-22.56.33:823][  0]LogUObjectArray: CloseDisregardForGC: 0/0 objects in disregard for GC pool
[2021.09.05-22.56.34:725][  0]LogTcpMessaging: Initializing TcpMessaging bridge
[2021.09.05-22.56.34:739][  0]LogUdpMessaging: Initializing bridge on interface 0.0.0.0:0 to multicast group 230.0.0.1:6666.
[2021.09.05-22.56.34:866][  0]SourceControl: Source control is disabled
[2021.09.05-22.56.34:866][  0]SourceControl: Source control is disabled
[2021.09.05-22.56.34:867][  0]SourceControl: Source control is disabled
[2021.09.05-22.56.34:868][  0]SourceControl: Source control is disabled
[2021.09.05-22.56.35:003][  0]LogAndroidPermission: UAndroidPermissionCallbackProxy::GetInstance
[2021.09.05-22.56.35:099][  0]LogOcInput: OculusInput pre-init called
[2021.09.05-22.56.37:551][  0]LogWindows: Failed to load 'libalias_api.dll' (GetLastError=126)
[2021.09.05-22.56.37:551][  0]LogWindows: File 'libalias_api.dll' does not exist
[2021.09.05-22.56.37:553][  0]LogWindows: Failed to load 'libalias_api.dll' (GetLastError=126)
[2021.09.05-22.56.37:553][  0]LogWindows: File 'libalias_api.dll' does not exist
[2021.09.05-22.56.37:704][  0]LogEngine: Initializing Engine...
[2021.09.05-22.56.37:705][  0]LogHMD: Failed to initialize OpenVR with code 110
[2021.09.05-22.56.37:706][  0]LogStats: UGameplayTagsManager::InitializeManager -  0.000 s
[2021.09.05-22.56.37:923][  0]LogInit: Initializing FReadOnlyCVARCache
[2021.09.05-22.56.37:938][  0]LogAIModule: Creating AISystem for world Untitled
[2021.09.05-22.56.37:967][  0]LogInit: XAudio2 using 'Realtek Digital Output (Realtek High Definition Audio)' : 2 channels at 48 kHz using 16 bits per sample (channel mask 0x3)
[2021.09.05-22.56.38:022][  0]LogInit: FAudioDevice initialized.
[2021.09.05-22.56.38:022][  0]LogNetVersion: Set ProjectVersion to 1.0.0.0. Version Checksum will be recalculated on next use.
[2021.09.05-22.56.38:113][  0]LogDerivedDataCache: Saved boot cache 0.09s 72MB C:/Users/d.reynolds/AppData/Local/UnrealEngine/4.22/DerivedDataCache/Boot.ddc.
[2021.09.05-22.56.38:124][  0]LogInit: Texture streaming: Enabled
[2021.09.05-22.56.38:142][  0]LogEngineSessionManager: EngineSessionManager initialized
[2021.09.05-22.56.38:162][  0]LogInit: Transaction tracking system initialized
[2021.09.05-22.56.38:185][  0]BlueprintLog: New page: Editor Load
[2021.09.05-22.56.38:264][  0]LocalizationService: Localization service is disabled
[2021.09.05-22.56.38:581][  0]LogFileCache: Scanning file cache for directory 'C:/Users/d.reynolds/Desktop/ElectricBoogaloo/UnrealProj/Content/' took 0.01s
[2021.09.05-22.56.38:581][  0]LogCook: Display: Max memory allowance for cook 16384mb min free memory 0mb
[2021.09.05-22.56.38:581][  0]LogCook: Display: Mobile HDR setting 1
[2021.09.05-22.56.39:978][  0]SourceControl: Source control is disabled
[2021.09.05-22.56.39:978][  0]Cmd: MAP LOAD FILE="../../../../../../Users/d.reynolds/Desktop/ElectricBoogaloo/UnrealProj/Content/ThirdPersonBP/Maps/ThirdPersonExampleMap.umap" TEMPLATE=0 SHOWPROGRESS=1 FEATURELEVEL=3
[2021.09.05-22.56.39:979][  0]LogEditorServer: Warning: Can't find file '../../../../../../Users/d.reynolds/Desktop/ElectricBoogaloo/UnrealProj/Content/ThirdPersonBP/Maps/ThirdPersonExampleMap.umap'
[2021.09.05-22.56.39:979][  0]Cmd: MAP CHECKDEP NOCLEARLOG
[2021.09.05-22.56.39:979][  0]MapCheck: Map check complete: 0 Error(s), 0 Warning(s), took 0.177ms to complete.
[2021.09.05-22.56.39:979][  0]LogFileHelpers: Loading map 'ThirdPersonExampleMap' took 0.001
[2021.09.05-22.56.40:106][  0]LogSlate: Updating window title bar state: overlay mode, drag disabled, window buttons hidden, title bar hidden
[2021.09.05-22.56.40:114][  0]LogSlate: Updating window title bar state: overlay mode, drag disabled, window buttons hidden, title bar hidden
[2021.09.05-22.56.40:121][  0]LogSlate: Updating window title bar state: overlay mode, drag disabled, window buttons hidden, title bar hidden
[2021.09.05-22.56.40:128][  0]LogSlate: Updating window title bar state: overlay mode, drag disabled, window buttons hidden, title bar hidden
[2021.09.05-22.56.40:134][  0]LogCollectionManager: Loaded 0 collections in 0.001663 seconds
[2021.09.05-22.56.40:173][  0]LogFileCache: Scanning file cache for directory 'C:/Users/d.reynolds/Desktop/ElectricBoogaloo/UnrealProj/Saved/Collections/' took 0.01s
[2021.09.05-22.56.40:173][  0]LogFileCache: Scanning file cache for directory 'C:/Users/d.reynolds/Desktop/ElectricBoogaloo/UnrealProj/Content/Developers/dreynolds/Collections/' took 0.01s
[2021.09.05-22.56.40:173][  0]LogFileCache: Scanning file cache for directory 'C:/Users/d.reynolds/Desktop/ElectricBoogaloo/UnrealProj/Content/Collections/' took 0.01s
[2021.09.05-22.56.40:173][  0]LogCollectionManager: Rebuilt the GUID cache for 0 collections in 0.000000 seconds
[2021.09.05-22.56.40:181][  0]LogContentBrowser: Native class hierarchy populated in 0.0086 seconds. Added 2864 classes and 726 folders.
[2021.09.05-22.56.40:187][  0]LogContentBrowser: Native class hierarchy updated for 'WidgetCarousel' in 0.0002 seconds. Added 0 classes and 0 folders.
[2021.09.05-22.56.40:189][  0]LogPakFile: Registered encryption key '00000000000000000000000000000000': 0 pak files mounted, 0 remain pending
[2021.09.05-22.56.40:190][  0]LogPakFile: Registered encryption key '00000000000000000000000000000000': 0 pak files mounted, 0 remain pending
[2021.09.05-22.56.40:190][  0]LogPakFile: Registered encryption key '00000000000000000000000000000000': 0 pak files mounted, 0 remain pending
[2021.09.05-22.56.40:191][  0]LogPakFile: Registered encryption key '00000000000000000000000000000000': 0 pak files mounted, 0 remain pending
[2021.09.05-22.56.40:191][  0]LogPakFile: Registered encryption key '00000000000000000000000000000000': 0 pak files mounted, 0 remain pending
[2021.09.05-22.56.40:192][  0]LogPakFile: Registered encryption key '00000000000000000000000000000000': 0 pak files mounted, 0 remain pending
[2021.09.05-22.56.40:192][  0]LogPakFile: Registered encryption key '00000000000000000000000000000000': 0 pak files mounted, 0 remain pending
[2021.09.05-22.56.40:193][  0]LogPakFile: Registered encryption key '00000000000000000000000000000000': 0 pak files mounted, 0 remain pending
[2021.09.05-22.56.40:193][  0]LogPakFile: Registered encryption key '00000000000000000000000000000000': 0 pak files mounted, 0 remain pending
[2021.09.05-22.56.40:194][  0]LogPakFile: Registered encryption key '00000000000000000000000000000000': 0 pak files mounted, 0 remain pending
[2021.09.05-22.56.40:195][  0]LogPakFile: Registered encryption key '00000000000000000000000000000000': 0 pak files mounted, 0 remain pending
[2021.09.05-22.56.40:195][  0]LogPakFile: Registered encryption key '00000000000000000000000000000000': 0 pak files mounted, 0 remain pending
[2021.09.05-22.56.40:195][  0]LogPakFile: Registered encryption key '00000000000000000000000000000000': 0 pak files mounted, 0 remain pending
[2021.09.05-22.56.40:196][  0]LogPakFile: Registered encryption key '00000000000000000000000000000000': 0 pak files mounted, 0 remain pending
[2021.09.05-22.56.40:197][  0]LogPakFile: Registered encryption key '00000000000000000000000000000000': 0 pak files mounted, 0 remain pending
[2021.09.05-22.56.40:197][  0]LogPakFile: Registered encryption key '00000000000000000000000000000000': 0 pak files mounted, 0 remain pending
[2021.09.05-22.56.40:198][  0]LogPakFile: Registered encryption key '00000000000000000000000000000000': 0 pak files mounted, 0 remain pending
[2021.09.05-22.56.40:198][  0]LogPakFile: Registered encryption key '00000000000000000000000000000000': 0 pak files mounted, 0 remain pending
[2021.09.05-22.56.40:199][  0]LogPakFile: Registered encryption key '00000000000000000000000000000000': 0 pak files mounted, 0 remain pending
[2021.09.05-22.56.40:199][  0]LogPakFile: Registered encryption key '00000000000000000000000000000000': 0 pak files mounted, 0 remain pending
[2021.09.05-22.56.40:200][  0]LogPakFile: Registered encryption key '00000000000000000000000000000000': 0 pak files mounted, 0 remain pending
[2021.09.05-22.56.40:200][  0]LogPakFile: Registered encryption key '00000000000000000000000000000000': 0 pak files mounted, 0 remain pending
[2021.09.05-22.56.40:201][  0]LogPakFile: Registered encryption key '00000000000000000000000000000000': 0 pak files mounted, 0 remain pending
[2021.09.05-22.56.40:201][  0]LogPakFile: Registered encryption key '00000000000000000000000000000000': 0 pak files mounted, 0 remain pending
[2021.09.05-22.56.40:202][  0]LogPakFile: Registered encryption key '00000000000000000000000000000000': 0 pak files mounted, 0 remain pending
[2021.09.05-22.56.40:202][  0]LogPakFile: Registered encryption key '00000000000000000000000000000000': 0 pak files mounted, 0 remain pending
[2021.09.05-22.56.40:203][  0]LogPakFile: Registered encryption key '00000000000000000000000000000000': 0 pak files mounted, 0 remain pending
[2021.09.05-22.56.40:203][  0]LogPakFile: Registered encryption key '00000000000000000000000000000000': 0 pak files mounted, 0 remain pending
[2021.09.05-22.56.40:238][  0]LogContentBrowser: Native class hierarchy updated for 'AddContentDialog' in 0.0002 seconds. Added 0 classes and 0 folders.
[2021.09.05-22.56.40:241][  0]LogContentBrowser: Native class hierarchy updated for 'SceneOutliner' in 0.0002 seconds. Added 1 classes and 0 folders.
[2021.09.05-22.56.40:260][  0]LogSlate: Took 0.000224 seconds to synchronously load lazily loaded font '../../../Engine/Content/Slate/Fonts/Roboto-Regular.ttf' (155K)
[2021.09.05-22.56.40:262][  0]LogSlate: Took 0.000179 seconds to synchronously load lazily loaded font '../../../Engine/Content/Slate/Fonts/Roboto-Bold.ttf' (160K)
[2021.09.05-22.56.40:266][  0]LogSlate: Took 0.000169 seconds to synchronously load lazily loaded font '../../../Engine/Content/Editor/Slate/Fonts/FontAwesome.ttf' (139K)
[2021.09.05-22.56.40:330][  0]LogRenderer: Reallocating scene render targets to support 1208x572 Format 10 NumSamples 1 (Frame:1).
[2021.09.05-22.56.40:505][  0]LogContentBrowser: Native class hierarchy updated for 'HierarchicalLODOutliner' in 0.0003 seconds. Added 0 classes and 0 folders.
[2021.09.05-22.56.40:505][  0]LogLoad: (Engine Initialization) Total time: 12.41 seconds
[2021.09.05-22.56.40:505][  0]LogLoad: (Engine Initialization) Total Blueprint compile time: 0.00 seconds
[2021.09.05-22.56.40:543][  0]LogAssetRegistry: Asset discovery search completed in 7.6975 seconds
[2021.09.05-22.56.40:546][  0]LogCollectionManager: Rebuilt the object cache for 0 collections in 0.000000 seconds (found 0 objects)
[2021.09.05-22.56.40:546][  0]LogCollectionManager: Fixed up redirectors for 0 collections in 0.000042 seconds (updated 0 objects)
[2021.09.05-22.56.40:548][  0]LogContentStreaming: Texture pool size now 1000 MB
[2021.09.05-22.56.40:563][  0]LogSlate: Took 0.000147 seconds to synchronously load lazily loaded font '../../../Engine/Content/Slate/Fonts/Roboto-Light.ttf' (167K)
[2021.09.05-22.56.49:249][ 19]LogSlate: FSceneViewport::OnFocusLost() reason 0
[2021.09.05-22.57.24:140][172]LogSlate: FSceneViewport::OnFocusLost() reason 0
[2021.09.05-23.00.04:982][148]LogEditorViewport: Clicking Background
[2021.09.05-23.00.07:549][384]LogSlate: FSceneViewport::OnFocusLost() reason 0
[2021.09.05-23.00.07:667][398]SourceControl: Source control is disabled
[2021.09.05-23.00.07:669][398]LogSlate: Window 'Source Control Login' being destroyed
[2021.09.05-23.07.09:186][126]LogSlate: Window 'Save Level As' being destroyed
[2021.09.05-23.07.19:070][206]LogStaticMesh: Building static mesh SM_Lamp_Ceiling...
[2021.09.05-23.07.19:073][206]LogSlate: Took 0.000275 seconds to synchronously load lazily loaded font '../../../Engine/Content/Slate/Fonts/Roboto-Light.ttf' (167K)
[2021.09.05-23.07.19:110][206]LogStaticMesh: Built static mesh [0.04s] /Game/3rdPersonDemo/StarterContent/Props/SM_Lamp_Ceiling.SM_Lamp_Ceiling
[2021.09.05-23.07.19:121][206]LogStaticMesh: Building static mesh Shape_Sphere...
[2021.09.05-23.07.19:139][206]LogStaticMesh: Built static mesh [0.02s] /Game/3rdPersonDemo/StarterContent/Shapes/Shape_Sphere.Shape_Sphere
[2021.09.05-23.07.19:144][206]LogStaticMesh: Building static mesh Shape_QuadPyramid...
[2021.09.05-23.07.19:151][206]LogStaticMesh: Built static mesh [0.01s] /Game/3rdPersonDemo/StarterContent/Shapes/Shape_QuadPyramid.Shape_QuadPyramid
[2021.09.05-23.07.19:155][206]LogStaticMesh: Building static mesh Shape_Cube...
[2021.09.05-23.07.19:163][206]LogStaticMesh: Built static mesh [0.01s] /Game/3rdPersonDemo/StarterContent/Shapes/Shape_Cube.Shape_Cube
[2021.09.05-23.07.19:167][206]LogStaticMesh: Building static mesh SM_WindowFrame...
[2021.09.05-23.07.19:175][206]LogStaticMesh: Built static mesh [0.01s] /Game/3rdPersonDemo/StarterContent/Props/SM_WindowFrame.SM_WindowFrame
[2021.09.05-23.07.19:187][206]LogStaticMesh: Building static mesh SM_TableRound...
[2021.09.05-23.07.19:240][206]LogStaticMesh: Built static mesh [0.05s] /Game/3rdPersonDemo/StarterContent/Props/SM_TableRound.SM_TableRound
[2021.09.05-23.07.19:267][206]LogStaticMesh: Building static mesh SM_Statue...
[2021.09.05-23.07.19:307][206]LogStaticMesh: Built static mesh [0.04s] /Game/3rdPersonDemo/StarterContent/Props/SM_Statue.SM_Statue
[2021.09.05-23.07.19:320][206]LogStaticMesh: Building static mesh SM_PillarFrame300...
[2021.09.05-23.07.19:333][206]LogStaticMesh: Built static mesh [0.01s] /Game/3rdPersonDemo/StarterContent/Props/SM_PillarFrame300.SM_PillarFrame300
[2021.09.05-23.07.19:338][206]LogStaticMesh: Building static mesh SM_PillarFrame...
[2021.09.05-23.07.19:352][206]LogStaticMesh: Built static mesh [0.01s] /Game/3rdPersonDemo/StarterContent/Props/SM_PillarFrame.SM_PillarFrame
[2021.09.05-23.07.19:363][206]LogStaticMesh: Building static mesh SM_GlassWindow...
[2021.09.05-23.07.19:374][206]LogStaticMesh: Built static mesh [0.01s] /Game/3rdPersonDemo/StarterContent/Props/SM_GlassWindow.SM_GlassWindow
[2021.09.05-23.07.19:378][206]LogStaticMesh: Building static mesh SM_DoorFrame...
[2021.09.05-23.07.19:386][206]LogStaticMesh: Built static mesh [0.01s] /Game/3rdPersonDemo/StarterContent/Props/SM_DoorFrame.SM_DoorFrame
[2021.09.05-23.07.19:396][206]LogStaticMesh: Building static mesh SM_CornerFrame...
[2021.09.05-23.07.19:406][206]LogStaticMesh: Built static mesh [0.01s] /Game/3rdPersonDemo/StarterContent/Props/SM_CornerFrame.SM_CornerFrame
[2021.09.05-23.07.19:410][206]LogStaticMesh: Building static mesh SM_Chair...
[2021.09.05-23.07.19:432][206]LogStaticMesh: Built static mesh [0.02s] /Game/3rdPersonDemo/StarterContent/Props/SM_Chair.SM_Chair
[2021.09.05-23.07.19:439][206]LogStaticMesh: Building static mesh MaterialSphere...
[2021.09.05-23.07.19:453][206]LogStaticMesh: Built static mesh [0.01s] /Game/3rdPersonDemo/StarterContent/Props/MaterialSphere.MaterialSphere
[2021.09.05-23.07.19:479][206]LogStaticMesh: Building static mesh Wall_Window_400x300...
[2021.09.05-23.07.19:485][206]LogStaticMesh: Built static mesh [0.01s] /Game/3rdPersonDemo/StarterContent/Architecture/Wall_Window_400x300.Wall_Window_400x300
[2021.09.05-23.07.19:488][206]LogStaticMesh: Building static mesh Wall_Door_400x300...
[2021.09.05-23.07.19:495][206]LogStaticMesh: Built static mesh [0.01s] /Game/3rdPersonDemo/StarterContent/Architecture/Wall_Door_400x300.Wall_Door_400x300
[2021.09.05-23.07.19:507][206]LogStaticMesh: Building static mesh Wall_400x200...
[2021.09.05-23.07.19:513][206]LogStaticMesh: Built static mesh [0.01s] /Game/3rdPersonDemo/StarterContent/Architecture/Wall_400x200.Wall_400x200
[2021.09.05-23.07.19:524][206]LogStaticMesh: Building static mesh Floor_400x400...
[2021.09.05-23.07.19:529][206]LogStaticMesh: Built static mesh [0.01s] /Game/3rdPersonDemo/StarterContent/Architecture/Floor_400x400.Floor_400x400
[2021.09.05-23.07.19:584][206]LogStaticMesh: Building static mesh SM_Lamp_Wall...
[2021.09.05-23.07.19:597][206]LogStaticMesh: Built static mesh [0.01s] /Game/3rdPersonDemo/StarterContent/Props/SM_Lamp_Wall.SM_Lamp_Wall
[2021.09.05-23.07.19:626][206]LogAIModule: Creating AISystem for world StarterMap
[2021.09.05-23.07.23:948][694]LogAssetEditorManager: Opening Asset editor for World /Game/3rdPersonDemo/StarterContent/Maps/StarterMap.StarterMap
[2021.09.05-23.07.23:975][694]LogUObjectHash: Compacting FUObjectHashTables data took   2.39ms
[2021.09.05-23.07.23:976][694]Cmd: MAP LOAD FILE="../../../../../../Users/d.reynolds/Desktop/ElectricBoogaloo/UnrealProj/Content/3rdPersonDemo/StarterContent/Maps/StarterMap.umap" TEMPLATE=0 SHOWPROGRESS=1 FEATURELEVEL=3
[2021.09.05-23.07.23:977][694]LightingResults: New page: Lighting Build
[2021.09.05-23.07.23:979][694]LogContentBrowser: Native class hierarchy updated for 'StatsViewer' in 0.0003 seconds. Added 5 classes and 0 folders.
[2021.09.05-23.07.23:980][694]LoadErrors: New page: Loading map: StarterMap.umap
[2021.09.05-23.07.23:980][694]MapCheck: New page: Map Check
[2021.09.05-23.07.23:980][694]LightingResults: New page: Lighting Build
[2021.09.05-23.07.24:007][694]LogUObjectHash: Compacting FUObjectHashTables data took   1.69ms
[2021.09.05-23.07.24:025][694]LogEditorServer: Finished looking for orphan Actors (0.000 secs)
[2021.09.05-23.07.24:050][694]LogUObjectHash: Compacting FUObjectHashTables data took   1.85ms
[2021.09.05-23.07.24:073][694]Cmd: MAP CHECKDEP NOCLEARLOG
[2021.09.05-23.07.24:073][694]MapCheck: Map check complete: 0 Error(s), 0 Warning(s), took 0.186ms to complete.
[2021.09.05-23.07.24:074][694]LogFileHelpers: Loading map 'StarterMap' took 0.099
[2021.09.05-23.07.31:004][162]LogUObjectHash: Compacting FUObjectHashTables data took   0.65ms
[2021.09.05-23.07.31:428][162]LogSavePackage: Moving '../../../../../../Users/d.reynolds/Desktop/ElectricBoogaloo/UnrealProj/Saved/StarterMapA640D2AC4D8EB788945BCA98EC673AF2.tmp' to '../../../../../../Users/d.reynolds/Desktop/ElectricBoogaloo/UnrealProj/Content/3rdPersonDemo/StarterContent/Maps/StarterMap.umap'
[2021.09.05-23.07.31:457][162]LogFileHelpers: Saving map 'StarterMap' took 0.483
